ERROR StackTrace - Full Stack Trace:
org.grails.taglib.GrailsTagException: [views/notFound.gsp:6] Error executing tag <asset:stylesheet>: null
	at org.grails.gsp.GroovyPage.throwRootCause(GroovyPage.java:445) ~[grails-gsp-3.0.9.jar:3.0.9]
	at org.grails.gsp.GroovyPage.invokeTag(GroovyPage.java:388) ~[grails-gsp-3.0.9.jar:3.0.9]
	at sun.reflect.GeneratedMethodAccessor121.invoke(Unknown Source) ~[na:na]
	at sun.reflect.DelegatingMethodAccessorImpl.invoke(DelegatingMethodAccessorImpl.java:43) ~[na:1.8.0_45]
	at java.lang.reflect.Method.invoke(Method.java:497) ~[na:1.8.0_45]
	at org.codehaus.groovy.reflection.CachedMethod.invoke(CachedMethod.java:93) ~[groovy-2.4.5.jar:2.4.5]
	at groovy.lang.MetaMethod.doMethodInvoke(MetaMethod.java:325) ~[groovy-2.4.5.jar:2.4.5]
	at org.codehaus.groovy.runtime.metaclass.ClosureMetaClass.invokeMethod(ClosureMetaClass.java:384) ~[groovy-2.4.5.jar:2.4.5]
	at groovy.lang.MetaClassImpl.invokeMethod(MetaClassImpl.java:1019) ~[groovy-2.4.5.jar:2.4.5]
	at org.codehaus.groovy.runtime.callsite.PogoMetaClassSite.callCurrent(PogoMetaClassSite.java:69) ~[groovy-2.4.5.jar:2.4.5]
	at Users_Arthur_Dropbox_App_Grails_App_quotation_qotd_grails_app_views_notFound_gsp$_run_closure1.doCall(Users_Arthur_Dropbox_App_Grails_App_quotation_qotd_grails_app_views_notFound_gsp:27) ~[na:na]
	at sun.reflect.NativeMethodAccessorImpl.invoke0(Native Method) ~[na:1.8.0_45]
	at sun.reflect.NativeMethodAccessorImpl.invoke(NativeMethodAccessorImpl.java:62) ~[na:1.8.0_45]
	at sun.reflect.DelegatingMethodAccessorImpl.invoke(DelegatingMethodAccessorImpl.java:43) ~[na:1.8.0_45]
	at java.lang.reflect.Method.invoke(Method.java:497) ~[na:1.8.0_45]
	at org.codehaus.groovy.reflection.CachedMethod.invoke(CachedMethod.java:93) ~[groovy-2.4.5.jar:2.4.5]
	at groovy.lang.MetaMethod.doMethodInvoke(MetaMethod.java:325) ~[groovy-2.4.5.jar:2.4.5]
	at org.codehaus.groovy.runtime.metaclass.ClosureMetaClass.invokeMethod(ClosureMetaClass.java:294) ~[groovy-2.4.5.jar:2.4.5]
	at groovy.lang.MetaClassImpl.invokeMethod(MetaClassImpl.java:1019) ~[groovy-2.4.5.jar:2.4.5]
	at groovy.lang.Closure.call(Closure.java:426) ~[groovy-2.4.5.jar:2.4.5]
	at groovy.lang.Closure.call(Closure.java:420) ~[groovy-2.4.5.jar:2.4.5]
	at org.grails.taglib.TagBodyClosure.executeClosure(TagBodyClosure.java:200) ~[grails-taglib-3.0.9.jar:3.0.9]
	at org.grails.taglib.TagBodyClosure.captureClosureOutput(TagBodyClosure.java:102) ~[grails-taglib-3.0.9.jar:3.0.9]
	at org.grails.taglib.TagBodyClosure.call(TagBodyClosure.java:213) ~[grails-taglib-3.0.9.jar:3.0.9]
	at org.grails.plugins.web.taglib.SitemeshTagLib.captureTagContent(SitemeshTagLib.groovy:48) ~[grails-web-gsp-taglib-3.0.9.jar:3.0.9]
	at org.grails.plugins.web.taglib.SitemeshTagLib.captureTagContent(SitemeshTagLib.groovy) ~[grails-web-gsp-taglib-3.0.9.jar:3.0.9]
	at org.grails.plugins.web.taglib.SitemeshTagLib$_closure1.doCall(SitemeshTagLib.groovy:124) ~[grails-web-gsp-taglib-3.0.9.jar:3.0.9]
	at sun.reflect.GeneratedMethodAccessor208.invoke(Unknown Source) ~[na:na]
	at sun.reflect.DelegatingMethodAccessorImpl.invoke(DelegatingMethodAccessorImpl.java:43) ~[na:1.8.0_45]
	at java.lang.reflect.Method.invoke(Method.java:497) ~[na:1.8.0_45]
	at org.codehaus.groovy.reflection.CachedMethod.invoke(CachedMethod.java:93) ~[groovy-2.4.5.jar:2.4.5]
	at groovy.lang.MetaMethod.doMethodInvoke(MetaMethod.java:325) ~[groovy-2.4.5.jar:2.4.5]
	at org.codehaus.groovy.runtime.metaclass.ClosureMetaClass.invokeMethod(ClosureMetaClass.java:294) ~[groovy-2.4.5.jar:2.4.5]
	at groovy.lang.MetaClassImpl.invokeMethod(MetaClassImpl.java:1019) ~[groovy-2.4.5.jar:2.4.5]
	at groovy.lang.Closure.call(Closure.java:426) ~[groovy-2.4.5.jar:2.4.5]
	at org.grails.gsp.GroovyPage.invokeTagLibClosure(GroovyPage.java:419) ~[grails-gsp-3.0.9.jar:3.0.9]
	at org.grails.gsp.GroovyPage.invokeTag(GroovyPage.java:337) ~[grails-gsp-3.0.9.jar:3.0.9]
	at org.grails.gsp.GroovyPage$invokeTag$4.callCurrent(Unknown Source) ~[na:na]
	at Users_Arthur_Dropbox_App_Grails_App_quotation_qotd_grails_app_views_notFound_gsp.run(Users_Arthur_Dropbox_App_Grails_App_quotation_qotd_grails_app_views_notFound_gsp:31) ~[na:na]
	at org.grails.gsp.GroovyPageWritable.doWriteTo(GroovyPageWritable.java:164) ~[grails-gsp-3.0.9.jar:3.0.9]
	at org.grails.gsp.GroovyPageWritable.writeTo(GroovyPageWritable.java:82) ~[grails-gsp-3.0.9.jar:3.0.9]
	at org.grails.web.servlet.view.GroovyPageView.renderTemplate(GroovyPageView.java:76) ~[grails-web-gsp-3.0.9.jar:3.0.9]
	at org.grails.web.servlet.view.AbstractGrailsView.renderWithinGrailsWebRequest(AbstractGrailsView.java:71) [grails-web-common-3.0.9.jar:3.0.9]
	at org.grails.web.servlet.view.AbstractGrailsView.renderMergedOutputModel(AbstractGrailsView.java:55) [grails-web-common-3.0.9.jar:3.0.9]
	at org.springframework.web.servlet.view.AbstractView.render(AbstractView.java:303) [spring-webmvc-4.1.7.RELEASE.jar:4.1.7.RELEASE]
	at org.grails.web.sitemesh.GrailsLayoutView.renderInnerView(GrailsLayoutView.java:125) [grails-web-sitemesh-3.0.9.jar:3.0.9]
	at org.grails.web.sitemesh.GrailsLayoutView.obtainContent(GrailsLayoutView.java:106) [grails-web-sitemesh-3.0.9.jar:3.0.9]
	at org.grails.web.sitemesh.GrailsLayoutView.renderTemplate(GrailsLayoutView.java:55) [grails-web-sitemesh-3.0.9.jar:3.0.9]
	at org.grails.web.servlet.view.AbstractGrailsView.renderWithinGrailsWebRequest(AbstractGrailsView.java:71) [grails-web-common-3.0.9.jar:3.0.9]
	at org.grails.web.servlet.view.AbstractGrailsView.renderMergedOutputModel(AbstractGrailsView.java:55) [grails-web-common-3.0.9.jar:3.0.9]
	at org.springframework.web.servlet.view.AbstractView.render(AbstractView.java:303) [spring-webmvc-4.1.7.RELEASE.jar:4.1.7.RELEASE]
	at org.springframework.web.servlet.DispatcherServlet.render(DispatcherServlet.java:1244) [spring-webmvc-4.1.7.RELEASE.jar:4.1.7.RELEASE]
	at org.springframework.web.servlet.DispatcherServlet.processDispatchResult(DispatcherServlet.java:1027) [spring-webmvc-4.1.7.RELEASE.jar:4.1.7.RELEASE]
	at org.springframework.web.servlet.DispatcherServlet.doDispatch(DispatcherServlet.java:971) [spring-webmvc-4.1.7.RELEASE.jar:4.1.7.RELEASE]
	at org.springframework.web.servlet.DispatcherServlet.doService(DispatcherServlet.java:893) [spring-webmvc-4.1.7.RELEASE.jar:4.1.7.RELEASE]
	at org.springframework.web.servlet.FrameworkServlet.processRequest(FrameworkServlet.java:967) [spring-webmvc-4.1.7.RELEASE.jar:4.1.7.RELEASE]
	at org.springframework.web.servlet.FrameworkServlet.doGet(FrameworkServlet.java:858) [spring-webmvc-4.1.7.RELEASE.jar:4.1.7.RELEASE]
	at javax.servlet.http.HttpServlet.service(HttpServlet.java:622) [tomcat-embed-core-8.0.26.jar:8.0.26]
	at org.springframework.web.servlet.FrameworkServlet.service(FrameworkServlet.java:843) [spring-webmvc-4.1.7.RELEASE.jar:4.1.7.RELEASE]
	at javax.servlet.http.HttpServlet.service(HttpServlet.java:729) [tomcat-embed-core-8.0.26.jar:8.0.26]
	at org.apache.catalina.core.ApplicationFilterChain.internalDoFilter(ApplicationFilterChain.java:291) [tomcat-embed-core-8.0.26.jar:8.0.26]
	at org.apache.catalina.core.ApplicationFilterChain.doFilter(ApplicationFilterChain.java:206) [tomcat-embed-core-8.0.26.jar:8.0.26]
	at org.apache.catalina.core.ApplicationDispatcher.invoke(ApplicationDispatcher.java:721) [tomcat-embed-core-8.0.26.jar:8.0.26]
	at org.apache.catalina.core.ApplicationDispatcher.processRequest(ApplicationDispatcher.java:468) [tomcat-embed-core-8.0.26.jar:8.0.26]
	at org.apache.catalina.core.ApplicationDispatcher.doForward(ApplicationDispatcher.java:391) [tomcat-embed-core-8.0.26.jar:8.0.26]
	at org.apache.catalina.core.ApplicationDispatcher.forward(ApplicationDispatcher.java:318) [tomcat-embed-core-8.0.26.jar:8.0.26]
	at org.apache.catalina.core.StandardHostValve.custom(StandardHostValve.java:439) [tomcat-embed-core-8.0.26.jar:8.0.26]
	at org.apache.catalina.core.StandardHostValve.status(StandardHostValve.java:305) [tomcat-embed-core-8.0.26.jar:8.0.26]
	at org.apache.catalina.core.StandardHostValve.invoke(StandardHostValve.java:182) [tomcat-embed-core-8.0.26.jar:8.0.26]
	at org.apache.catalina.valves.ErrorReportValve.invoke(ErrorReportValve.java:79) [tomcat-embed-core-8.0.26.jar:8.0.26]
	at org.apache.catalina.core.StandardEngineValve.invoke(StandardEngineValve.java:88) [tomcat-embed-core-8.0.26.jar:8.0.26]
	at org.apache.catalina.connector.CoyoteAdapter.service(CoyoteAdapter.java:518) [tomcat-embed-core-8.0.26.jar:8.0.26]
	at org.apache.coyote.http11.AbstractHttp11Processor.process(AbstractHttp11Processor.java:1091) [tomcat-embed-core-8.0.26.jar:8.0.26]
	at org.apache.coyote.AbstractProtocol$AbstractConnectionHandler.process(AbstractProtocol.java:673) [tomcat-embed-core-8.0.26.jar:8.0.26]
	at org.apache.tomcat.util.net.NioEndpoint$SocketProcessor.doRun(NioEndpoint.java:1526) [tomcat-embed-core-8.0.26.jar:8.0.26]
	at org.apache.tomcat.util.net.NioEndpoint$SocketProcessor.run(NioEndpoint.java:1482) [tomcat-embed-core-8.0.26.jar:8.0.26]
	at java.util.concurrent.ThreadPoolExecutor.runWorker(ThreadPoolExecutor.java:1142) [na:1.8.0_45]
	at java.util.concurrent.ThreadPoolExecutor$Worker.run(ThreadPoolExecutor.java:617) [na:1.8.0_45]
	at org.apache.tomcat.util.threads.TaskThread$WrappingRunnable.run(TaskThread.java:61) [tomcat-embed-core-8.0.26.jar:8.0.26]
	at java.lang.Thread.run(Thread.java:745) [na:1.8.0_45]
Caused by: java.util.ConcurrentModificationException: null
	at java.util.ArrayList.sort(ArrayList.java:1456) ~[na:1.8.0_45]
	at java.util.Collections.sort(Collections.java:175) ~[na:1.8.0_45]
	at org.codehaus.groovy.runtime.DefaultGroovyMethods.sort(DefaultGroovyMethods.java:8476) ~[groovy-2.4.5.jar:2.4.5]
	at org.codehaus.groovy.runtime.DefaultGroovyMethods.sort(DefaultGroovyMethods.java:8438) ~[groovy-2.4.5.jar:2.4.5]
	at org.codehaus.groovy.runtime.dgm$566.invoke(Unknown Source) ~[groovy-2.4.5.jar:2.4.5]
	at org.codehaus.groovy.runtime.callsite.PojoMetaMethodSite$PojoMetaMethodSiteNoUnwrapNoCoerce.invoke(PojoMetaMethodSite.java:274) ~[groovy-2.4.5.jar:2.4.5]
	at org.codehaus.groovy.runtime.callsite.PojoMetaMethodSite.call(PojoMetaMethodSite.java:56) ~[groovy-2.4.5.jar:2.4.5]
	at org.codehaus.groovy.runtime.callsite.AbstractCallSite.call(AbstractCallSite.java:125) ~[groovy-2.4.5.jar:2.4.5]
	at asset.pipeline.AssetHelper.fileNameWithoutExtensionFromArtefact(AssetHelper.groovy:145) ~[asset-pipeline-core-2.5.0.jar:na]
	at asset.pipeline.AssetHelper$fileNameWithoutExtensionFromArtefact$4.call(Unknown Source) ~[na:na]
	at org.codehaus.groovy.runtime.callsite.CallSiteArray.defaultCall(CallSiteArray.java:48) ~[groovy-2.4.5.jar:2.4.5]
	at asset.pipeline.AssetHelper$fileNameWithoutExtensionFromArtefact$4.call(Unknown Source) ~[na:na]
	at asset.pipeline.DirectiveProcessor.loadRequiresForTree(DirectiveProcessor.groovy:99) ~[asset-pipeline-core-2.5.0.jar:na]
	at sun.reflect.GeneratedMethodAccessor180.invoke(Unknown Source) ~[na:na]
	at sun.reflect.DelegatingMethodAccessorImpl.invoke(DelegatingMethodAccessorImpl.java:43) ~[na:1.8.0_45]
	at java.lang.reflect.Method.invoke(Method.java:497) ~[na:1.8.0_45]
	at org.springsource.loaded.ri.ReflectiveInterceptor.jlrMethodInvoke(ReflectiveInterceptor.java:1426) ~[springloaded-1.2.4.RELEASE.jar:1.2.4.RELEASE]
	at org.codehaus.groovy.runtime.callsite.PogoMetaMethodSite$PogoCachedMethodSiteNoUnwrapNoCoerce.invoke(PogoMetaMethodSite.java:210) ~[groovy-2.4.5.jar:2.4.5]
	at org.codehaus.groovy.runtime.callsite.PogoMetaMethodSite.callCurrent(PogoMetaMethodSite.java:59) ~[groovy-2.4.5.jar:2.4.5]
	at org.codehaus.groovy.runtime.callsite.AbstractCallSite.callCurrent(AbstractCallSite.java:174) ~[groovy-2.4.5.jar:2.4.5]
	at asset.pipeline.DirectiveProcessor.getFlattenedRequireList(DirectiveProcessor.groovy:76) ~[asset-pipeline-core-2.5.0.jar:na]
	at asset.pipeline.DirectiveProcessor$getFlattenedRequireList.call(Unknown Source) ~[na:na]
	at org.codehaus.groovy.runtime.callsite.CallSiteArray.defaultCall(CallSiteArray.java:48) ~[groovy-2.4.5.jar:2.4.5]
	at asset.pipeline.DirectiveProcessor$getFlattenedRequireList.call(Unknown Source) ~[na:na]
	at asset.pipeline.AssetPipeline.getDependencyList(AssetPipeline.groovy:83) ~[asset-pipeline-core-2.5.0.jar:na]
	at asset.pipeline.AssetPipeline$getDependencyList.call(Unknown Source) ~[na:na]
	at asset.pipeline.grails.AssetsTagLib$_closure2.doCall(AssetsTagLib.groovy:82) ~[asset-pipeline-3.0.8.jar:na]
	at sun.reflect.GeneratedMethodAccessor227.invoke(Unknown Source) ~[na:na]
	at sun.reflect.DelegatingMethodAccessorImpl.invoke(DelegatingMethodAccessorImpl.java:43) ~[na:1.8.0_45]
	at java.lang.reflect.Method.invoke(Method.java:497) ~[na:1.8.0_45]
	at org.codehaus.groovy.reflection.CachedMethod.invoke(CachedMethod.java:93) ~[groovy-2.4.5.jar:2.4.5]
	at groovy.lang.MetaMethod.doMethodInvoke(MetaMethod.java:325) ~[groovy-2.4.5.jar:2.4.5]
	at org.codehaus.groovy.runtime.metaclass.ClosureMetaClass.invokeMethod(ClosureMetaClass.java:294) ~[groovy-2.4.5.jar:2.4.5]
	at groovy.lang.MetaClassImpl.invokeMethod(MetaClassImpl.java:1019) ~[groovy-2.4.5.jar:2.4.5]
	at groovy.lang.Closure.call(Closure.java:426) ~[groovy-2.4.5.jar:2.4.5]
	at org.grails.gsp.GroovyPage.invokeTagLibClosure(GroovyPage.java:412) ~[grails-gsp-3.0.9.jar:3.0.9]
	at org.grails.gsp.GroovyPage.invokeTag(GroovyPage.java:337) ~[grails-gsp-3.0.9.jar:3.0.9]
	... 78 common frames omitted
ERROR StackTrace - Full Stack Trace:
java.util.ConcurrentModificationException: null
	at java.util.ArrayList.sort(ArrayList.java:1456) ~[na:1.8.0_45]
	at java.util.Collections.sort(Collections.java:175) ~[na:1.8.0_45]
	at org.codehaus.groovy.runtime.DefaultGroovyMethods.sort(DefaultGroovyMethods.java:8476) ~[groovy-2.4.5.jar:2.4.5]
	at org.codehaus.groovy.runtime.DefaultGroovyMethods.sort(DefaultGroovyMethods.java:8438) ~[groovy-2.4.5.jar:2.4.5]
	at org.codehaus.groovy.runtime.dgm$566.invoke(Unknown Source) ~[groovy-2.4.5.jar:2.4.5]
	at org.codehaus.groovy.runtime.callsite.PojoMetaMethodSite$PojoMetaMethodSiteNoUnwrapNoCoerce.invoke(PojoMetaMethodSite.java:274) ~[groovy-2.4.5.jar:2.4.5]
	at org.codehaus.groovy.runtime.callsite.PojoMetaMethodSite.call(PojoMetaMethodSite.java:56) ~[groovy-2.4.5.jar:2.4.5]
	at org.codehaus.groovy.runtime.callsite.AbstractCallSite.call(AbstractCallSite.java:125) ~[groovy-2.4.5.jar:2.4.5]
	at asset.pipeline.AssetHelper.fileNameWithoutExtensionFromArtefact(AssetHelper.groovy:145) ~[asset-pipeline-core-2.5.0.jar:na]
	at asset.pipeline.AssetHelper$fileNameWithoutExtensionFromArtefact$4.call(Unknown Source) ~[na:na]
	at org.codehaus.groovy.runtime.callsite.CallSiteArray.defaultCall(CallSiteArray.java:48) ~[groovy-2.4.5.jar:2.4.5]
	at asset.pipeline.AssetHelper$fileNameWithoutExtensionFromArtefact$4.call(Unknown Source) ~[na:na]
	at asset.pipeline.DirectiveProcessor.loadRequiresForTree(DirectiveProcessor.groovy:99) ~[asset-pipeline-core-2.5.0.jar:na]
	at sun.reflect.GeneratedMethodAccessor180.invoke(Unknown Source) ~[na:na]
	at sun.reflect.DelegatingMethodAccessorImpl.invoke(DelegatingMethodAccessorImpl.java:43) ~[na:1.8.0_45]
	at java.lang.reflect.Method.invoke(Method.java:497) ~[na:1.8.0_45]
	at org.springsource.loaded.ri.ReflectiveInterceptor.jlrMethodInvoke(ReflectiveInterceptor.java:1426) ~[springloaded-1.2.4.RELEASE.jar:1.2.4.RELEASE]
	at org.codehaus.groovy.runtime.callsite.PogoMetaMethodSite$PogoCachedMethodSiteNoUnwrapNoCoerce.invoke(PogoMetaMethodSite.java:210) ~[groovy-2.4.5.jar:2.4.5]
	at org.codehaus.groovy.runtime.callsite.PogoMetaMethodSite.callCurrent(PogoMetaMethodSite.java:59) ~[groovy-2.4.5.jar:2.4.5]
	at org.codehaus.groovy.runtime.callsite.AbstractCallSite.callCurrent(AbstractCallSite.java:174) ~[groovy-2.4.5.jar:2.4.5]
	at asset.pipeline.DirectiveProcessor.getFlattenedRequireList(DirectiveProcessor.groovy:76) ~[asset-pipeline-core-2.5.0.jar:na]
	at asset.pipeline.DirectiveProcessor$getFlattenedRequireList.call(Unknown Source) ~[na:na]
	at org.codehaus.groovy.runtime.callsite.CallSiteArray.defaultCall(CallSiteArray.java:48) ~[groovy-2.4.5.jar:2.4.5]
	at asset.pipeline.DirectiveProcessor$getFlattenedRequireList.call(Unknown Source) ~[na:na]
	at asset.pipeline.AssetPipeline.getDependencyList(AssetPipeline.groovy:83) ~[asset-pipeline-core-2.5.0.jar:na]
	at asset.pipeline.AssetPipeline$getDependencyList.call(Unknown Source) ~[na:na]
	at asset.pipeline.grails.AssetsTagLib$_closure2.doCall(AssetsTagLib.groovy:82) ~[asset-pipeline-3.0.8.jar:na]
	at sun.reflect.GeneratedMethodAccessor227.invoke(Unknown Source) ~[na:na]
	at sun.reflect.DelegatingMethodAccessorImpl.invoke(DelegatingMethodAccessorImpl.java:43) ~[na:1.8.0_45]
	at java.lang.reflect.Method.invoke(Method.java:497) ~[na:1.8.0_45]
	at org.codehaus.groovy.reflection.CachedMethod.invoke(CachedMethod.java:93) ~[groovy-2.4.5.jar:2.4.5]
	at groovy.lang.MetaMethod.doMethodInvoke(MetaMethod.java:325) ~[groovy-2.4.5.jar:2.4.5]
	at org.codehaus.groovy.runtime.metaclass.ClosureMetaClass.invokeMethod(ClosureMetaClass.java:294) ~[groovy-2.4.5.jar:2.4.5]
	at groovy.lang.MetaClassImpl.invokeMethod(MetaClassImpl.java:1019) ~[groovy-2.4.5.jar:2.4.5]
	at groovy.lang.Closure.call(Closure.java:426) ~[groovy-2.4.5.jar:2.4.5]
	at org.grails.gsp.GroovyPage.invokeTagLibClosure(GroovyPage.java:412) ~[grails-gsp-3.0.9.jar:3.0.9]
	at org.grails.gsp.GroovyPage.invokeTag(GroovyPage.java:337) ~[grails-gsp-3.0.9.jar:3.0.9]
	at sun.reflect.GeneratedMethodAccessor121.invoke(Unknown Source) ~[na:na]
	at sun.reflect.DelegatingMethodAccessorImpl.invoke(DelegatingMethodAccessorImpl.java:43) ~[na:1.8.0_45]
	at java.lang.reflect.Method.invoke(Method.java:497) ~[na:1.8.0_45]
	at org.codehaus.groovy.reflection.CachedMethod.invoke(CachedMethod.java:93) ~[groovy-2.4.5.jar:2.4.5]
	at groovy.lang.MetaMethod.doMethodInvoke(MetaMethod.java:325) ~[groovy-2.4.5.jar:2.4.5]
	at org.codehaus.groovy.runtime.metaclass.ClosureMetaClass.invokeMethod(ClosureMetaClass.java:384) ~[groovy-2.4.5.jar:2.4.5]
	at groovy.lang.MetaClassImpl.invokeMethod(MetaClassImpl.java:1019) ~[groovy-2.4.5.jar:2.4.5]
	at org.codehaus.groovy.runtime.callsite.PogoMetaClassSite.callCurrent(PogoMetaClassSite.java:69) ~[groovy-2.4.5.jar:2.4.5]
	at Users_Arthur_Dropbox_App_Grails_App_quotation_qotd_grails_app_views_notFound_gsp$_run_closure1.doCall(Users_Arthur_Dropbox_App_Grails_App_quotation_qotd_grails_app_views_notFound_gsp:27) ~[na:na]
	at sun.reflect.NativeMethodAccessorImpl.invoke0(Native Method) ~[na:1.8.0_45]
	at sun.reflect.NativeMethodAccessorImpl.invoke(NativeMethodAccessorImpl.java:62) ~[na:1.8.0_45]
	at sun.reflect.DelegatingMethodAccessorImpl.invoke(DelegatingMethodAccessorImpl.java:43) ~[na:1.8.0_45]
	at java.lang.reflect.Method.invoke(Method.java:497) ~[na:1.8.0_45]
	at org.codehaus.groovy.reflection.CachedMethod.invoke(CachedMethod.java:93) ~[groovy-2.4.5.jar:2.4.5]
	at groovy.lang.MetaMethod.doMethodInvoke(MetaMethod.java:325) ~[groovy-2.4.5.jar:2.4.5]
	at org.codehaus.groovy.runtime.metaclass.ClosureMetaClass.invokeMethod(ClosureMetaClass.java:294) ~[groovy-2.4.5.jar:2.4.5]
	at groovy.lang.MetaClassImpl.invokeMethod(MetaClassImpl.java:1019) ~[groovy-2.4.5.jar:2.4.5]
	at groovy.lang.Closure.call(Closure.java:426) ~[groovy-2.4.5.jar:2.4.5]
	at groovy.lang.Closure.call(Closure.java:420) ~[groovy-2.4.5.jar:2.4.5]
	at org.grails.taglib.TagBodyClosure.executeClosure(TagBodyClosure.java:200) ~[grails-taglib-3.0.9.jar:3.0.9]
	at org.grails.taglib.TagBodyClosure.captureClosureOutput(TagBodyClosure.java:102) ~[grails-taglib-3.0.9.jar:3.0.9]
	at org.grails.taglib.TagBodyClosure.call(TagBodyClosure.java:213) ~[grails-taglib-3.0.9.jar:3.0.9]
	at org.grails.plugins.web.taglib.SitemeshTagLib.captureTagContent(SitemeshTagLib.groovy:48) ~[grails-web-gsp-taglib-3.0.9.jar:3.0.9]
	at org.grails.plugins.web.taglib.SitemeshTagLib.captureTagContent(SitemeshTagLib.groovy) ~[grails-web-gsp-taglib-3.0.9.jar:3.0.9]
	at org.grails.plugins.web.taglib.SitemeshTagLib$_closure1.doCall(SitemeshTagLib.groovy:124) ~[grails-web-gsp-taglib-3.0.9.jar:3.0.9]
	at sun.reflect.GeneratedMethodAccessor208.invoke(Unknown Source) ~[na:na]
	at sun.reflect.DelegatingMethodAccessorImpl.invoke(DelegatingMethodAccessorImpl.java:43) ~[na:1.8.0_45]
	at java.lang.reflect.Method.invoke(Method.java:497) ~[na:1.8.0_45]
	at org.codehaus.groovy.reflection.CachedMethod.invoke(CachedMethod.java:93) ~[groovy-2.4.5.jar:2.4.5]
	at groovy.lang.MetaMethod.doMethodInvoke(MetaMethod.java:325) ~[groovy-2.4.5.jar:2.4.5]
	at org.codehaus.groovy.runtime.metaclass.ClosureMetaClass.invokeMethod(ClosureMetaClass.java:294) ~[groovy-2.4.5.jar:2.4.5]
	at groovy.lang.MetaClassImpl.invokeMethod(MetaClassImpl.java:1019) ~[groovy-2.4.5.jar:2.4.5]
	at groovy.lang.Closure.call(Closure.java:426) ~[groovy-2.4.5.jar:2.4.5]
	at org.grails.gsp.GroovyPage.invokeTagLibClosure(GroovyPage.java:419) ~[grails-gsp-3.0.9.jar:3.0.9]
	at org.grails.gsp.GroovyPage.invokeTag(GroovyPage.java:337) ~[grails-gsp-3.0.9.jar:3.0.9]
	at org.grails.gsp.GroovyPage$invokeTag$4.callCurrent(Unknown Source) ~[na:na]
	at Users_Arthur_Dropbox_App_Grails_App_quotation_qotd_grails_app_views_notFound_gsp.run(Users_Arthur_Dropbox_App_Grails_App_quotation_qotd_grails_app_views_notFound_gsp:31) ~[na:na]
	at org.grails.gsp.GroovyPageWritable.doWriteTo(GroovyPageWritable.java:164) ~[grails-gsp-3.0.9.jar:3.0.9]
	at org.grails.gsp.GroovyPageWritable.writeTo(GroovyPageWritable.java:82) ~[grails-gsp-3.0.9.jar:3.0.9]
	at org.grails.web.servlet.view.GroovyPageView.renderTemplate(GroovyPageView.java:76) ~[grails-web-gsp-3.0.9.jar:3.0.9]
	at org.grails.web.servlet.view.AbstractGrailsView.renderWithinGrailsWebRequest(AbstractGrailsView.java:71) [grails-web-common-3.0.9.jar:3.0.9]
	at org.grails.web.servlet.view.AbstractGrailsView.renderMergedOutputModel(AbstractGrailsView.java:55) [grails-web-common-3.0.9.jar:3.0.9]
	at org.springframework.web.servlet.view.AbstractView.render(AbstractView.java:303) [spring-webmvc-4.1.7.RELEASE.jar:4.1.7.RELEASE]
	at org.grails.web.sitemesh.GrailsLayoutView.renderInnerView(GrailsLayoutView.java:125) [grails-web-sitemesh-3.0.9.jar:3.0.9]
	at org.grails.web.sitemesh.GrailsLayoutView.obtainContent(GrailsLayoutView.java:106) [grails-web-sitemesh-3.0.9.jar:3.0.9]
	at org.grails.web.sitemesh.GrailsLayoutView.renderTemplate(GrailsLayoutView.java:55) [grails-web-sitemesh-3.0.9.jar:3.0.9]
	at org.grails.web.servlet.view.AbstractGrailsView.renderWithinGrailsWebRequest(AbstractGrailsView.java:71) [grails-web-common-3.0.9.jar:3.0.9]
	at org.grails.web.servlet.view.AbstractGrailsView.renderMergedOutputModel(AbstractGrailsView.java:55) [grails-web-common-3.0.9.jar:3.0.9]
	at org.springframework.web.servlet.view.AbstractView.render(AbstractView.java:303) [spring-webmvc-4.1.7.RELEASE.jar:4.1.7.RELEASE]
	at org.springframework.web.servlet.DispatcherServlet.render(DispatcherServlet.java:1244) [spring-webmvc-4.1.7.RELEASE.jar:4.1.7.RELEASE]
	at org.springframework.web.servlet.DispatcherServlet.processDispatchResult(DispatcherServlet.java:1027) [spring-webmvc-4.1.7.RELEASE.jar:4.1.7.RELEASE]
	at org.springframework.web.servlet.DispatcherServlet.doDispatch(DispatcherServlet.java:971) [spring-webmvc-4.1.7.RELEASE.jar:4.1.7.RELEASE]
	at org.springframework.web.servlet.DispatcherServlet.doService(DispatcherServlet.java:893) [spring-webmvc-4.1.7.RELEASE.jar:4.1.7.RELEASE]
	at org.springframework.web.servlet.FrameworkServlet.processRequest(FrameworkServlet.java:967) [spring-webmvc-4.1.7.RELEASE.jar:4.1.7.RELEASE]
	at org.springframework.web.servlet.FrameworkServlet.doGet(FrameworkServlet.java:858) [spring-webmvc-4.1.7.RELEASE.jar:4.1.7.RELEASE]
	at javax.servlet.http.HttpServlet.service(HttpServlet.java:622) [tomcat-embed-core-8.0.26.jar:8.0.26]
	at org.springframework.web.servlet.FrameworkServlet.service(FrameworkServlet.java:843) [spring-webmvc-4.1.7.RELEASE.jar:4.1.7.RELEASE]
	at javax.servlet.http.HttpServlet.service(HttpServlet.java:729) [tomcat-embed-core-8.0.26.jar:8.0.26]
	at org.apache.catalina.core.ApplicationFilterChain.internalDoFilter(ApplicationFilterChain.java:291) [tomcat-embed-core-8.0.26.jar:8.0.26]
	at org.apache.catalina.core.ApplicationFilterChain.doFilter(ApplicationFilterChain.java:206) [tomcat-embed-core-8.0.26.jar:8.0.26]
	at org.apache.catalina.core.ApplicationDispatcher.invoke(ApplicationDispatcher.java:721) [tomcat-embed-core-8.0.26.jar:8.0.26]
	at org.apache.catalina.core.ApplicationDispatcher.processRequest(ApplicationDispatcher.java:468) [tomcat-embed-core-8.0.26.jar:8.0.26]
	at org.apache.catalina.core.ApplicationDispatcher.doForward(ApplicationDispatcher.java:391) [tomcat-embed-core-8.0.26.jar:8.0.26]
	at org.apache.catalina.core.ApplicationDispatcher.forward(ApplicationDispatcher.java:318) [tomcat-embed-core-8.0.26.jar:8.0.26]
	at org.apache.catalina.core.StandardHostValve.custom(StandardHostValve.java:439) [tomcat-embed-core-8.0.26.jar:8.0.26]
	at org.apache.catalina.core.StandardHostValve.status(StandardHostValve.java:305) [tomcat-embed-core-8.0.26.jar:8.0.26]
	at org.apache.catalina.core.StandardHostValve.invoke(StandardHostValve.java:182) [tomcat-embed-core-8.0.26.jar:8.0.26]
	at org.apache.catalina.valves.ErrorReportValve.invoke(ErrorReportValve.java:79) [tomcat-embed-core-8.0.26.jar:8.0.26]
	at org.apache.catalina.core.StandardEngineValve.invoke(StandardEngineValve.java:88) [tomcat-embed-core-8.0.26.jar:8.0.26]
	at org.apache.catalina.connector.CoyoteAdapter.service(CoyoteAdapter.java:518) [tomcat-embed-core-8.0.26.jar:8.0.26]
	at org.apache.coyote.http11.AbstractHttp11Processor.process(AbstractHttp11Processor.java:1091) [tomcat-embed-core-8.0.26.jar:8.0.26]
	at org.apache.coyote.AbstractProtocol$AbstractConnectionHandler.process(AbstractProtocol.java:673) [tomcat-embed-core-8.0.26.jar:8.0.26]
	at org.apache.tomcat.util.net.NioEndpoint$SocketProcessor.doRun(NioEndpoint.java:1526) [tomcat-embed-core-8.0.26.jar:8.0.26]
	at org.apache.tomcat.util.net.NioEndpoint$SocketProcessor.run(NioEndpoint.java:1482) [tomcat-embed-core-8.0.26.jar:8.0.26]
	at java.util.concurrent.ThreadPoolExecutor.runWorker(ThreadPoolExecutor.java:1142) [na:1.8.0_45]
	at java.util.concurrent.ThreadPoolExecutor$Worker.run(ThreadPoolExecutor.java:617) [na:1.8.0_45]
	at org.apache.tomcat.util.threads.TaskThread$WrappingRunnable.run(TaskThread.java:61) [tomcat-embed-core-8.0.26.jar:8.0.26]
	at java.lang.Thread.run(Thread.java:745) [na:1.8.0_45]
ERROR StackTrace - Full Stack Trace:
org.grails.taglib.GrailsTagException: [views/notFound.gsp:6] Error executing tag <asset:stylesheet>: null
	at Users_Arthur_Dropbox_App_Grails_App_quotation_qotd_grails_app_views_notFound_gsp$_run_closure1.doCall(Users_Arthur_Dropbox_App_Grails_App_quotation_qotd_grails_app_views_notFound_gsp:27) ~[na:na]
	at Users_Arthur_Dropbox_App_Grails_App_quotation_qotd_grails_app_views_notFound_gsp.run(Users_Arthur_Dropbox_App_Grails_App_quotation_qotd_grails_app_views_notFound_gsp:31) ~[na:na]
	at java.util.concurrent.ThreadPoolExecutor.runWorker(ThreadPoolExecutor.java:1142) ~[na:1.8.0_45]
	at java.util.concurrent.ThreadPoolExecutor$Worker.run(ThreadPoolExecutor.java:617) ~[na:1.8.0_45]
	at java.lang.Thread.run(Thread.java:745) [na:1.8.0_45]
Caused by: java.util.ConcurrentModificationException: null
	at java.util.ArrayList.sort(ArrayList.java:1456) ~[na:1.8.0_45]
	at java.util.Collections.sort(Collections.java:175) ~[na:1.8.0_45]
	at asset.pipeline.AssetHelper.fileNameWithoutExtensionFromArtefact(AssetHelper.groovy:145) ~[asset-pipeline-core-2.5.0.jar:na]
	at asset.pipeline.DirectiveProcessor.loadRequiresForTree(DirectiveProcessor.groovy:99) ~[asset-pipeline-core-2.5.0.jar:na]
	at asset.pipeline.DirectiveProcessor.getFlattenedRequireList(DirectiveProcessor.groovy:76) ~[asset-pipeline-core-2.5.0.jar:na]
	at asset.pipeline.AssetPipeline.getDependencyList(AssetPipeline.groovy:83) ~[asset-pipeline-core-2.5.0.jar:na]
	at asset.pipeline.grails.AssetsTagLib$_closure2.doCall(AssetsTagLib.groovy:82) ~[asset-pipeline-3.0.8.jar:na]
	... 5 common frames omitted
ERROR StackTrace - Full Stack Trace:
org.grails.taglib.GrailsTagException: [views/layouts/main.gsp:9] Error executing tag <asset:javascript>: null
	at org.grails.gsp.GroovyPage.throwRootCause(GroovyPage.java:445) ~[grails-gsp-3.0.9.jar:3.0.9]
	at org.grails.gsp.GroovyPage.invokeTag(GroovyPage.java:388) ~[grails-gsp-3.0.9.jar:3.0.9]
	at sun.reflect.GeneratedMethodAccessor121.invoke(Unknown Source) ~[na:na]
	at sun.reflect.DelegatingMethodAccessorImpl.invoke(DelegatingMethodAccessorImpl.java:43) ~[na:1.8.0_45]
	at java.lang.reflect.Method.invoke(Method.java:497) ~[na:1.8.0_45]
	at org.codehaus.groovy.reflection.CachedMethod.invoke(CachedMethod.java:93) ~[groovy-2.4.5.jar:2.4.5]
	at groovy.lang.MetaMethod.doMethodInvoke(MetaMethod.java:325) ~[groovy-2.4.5.jar:2.4.5]
	at org.codehaus.groovy.runtime.metaclass.ClosureMetaClass.invokeMethod(ClosureMetaClass.java:384) ~[groovy-2.4.5.jar:2.4.5]
	at groovy.lang.MetaClassImpl.invokeMethod(MetaClassImpl.java:1019) ~[groovy-2.4.5.jar:2.4.5]
	at org.codehaus.groovy.runtime.callsite.PogoMetaClassSite.callCurrent(PogoMetaClassSite.java:69) ~[groovy-2.4.5.jar:2.4.5]
	at Users_Arthur_Dropbox_App_Grails_App_quotation_qotd_grails_app_views_layouts_main_gsp$_run_closure1.doCall(Users_Arthur_Dropbox_App_Grails_App_quotation_qotd_grails_app_views_layouts_main_gsp:34) ~[na:na]
	at sun.reflect.GeneratedMethodAccessor245.invoke(Unknown Source) ~[na:na]
	at sun.reflect.DelegatingMethodAccessorImpl.invoke(DelegatingMethodAccessorImpl.java:43) ~[na:1.8.0_45]
	at java.lang.reflect.Method.invoke(Method.java:497) ~[na:1.8.0_45]
	at org.codehaus.groovy.reflection.CachedMethod.invoke(CachedMethod.java:93) ~[groovy-2.4.5.jar:2.4.5]
	at groovy.lang.MetaMethod.doMethodInvoke(MetaMethod.java:325) ~[groovy-2.4.5.jar:2.4.5]
	at org.codehaus.groovy.runtime.metaclass.ClosureMetaClass.invokeMethod(ClosureMetaClass.java:294) ~[groovy-2.4.5.jar:2.4.5]
	at groovy.lang.MetaClassImpl.invokeMethod(MetaClassImpl.java:1019) ~[groovy-2.4.5.jar:2.4.5]
	at groovy.lang.Closure.call(Closure.java:426) ~[groovy-2.4.5.jar:2.4.5]
	at groovy.lang.Closure.call(Closure.java:420) ~[groovy-2.4.5.jar:2.4.5]
	at org.grails.taglib.TagBodyClosure.executeClosure(TagBodyClosure.java:200) ~[grails-taglib-3.0.9.jar:3.0.9]
	at org.grails.taglib.TagBodyClosure.captureClosureOutput(TagBodyClosure.java:102) ~[grails-taglib-3.0.9.jar:3.0.9]
	at org.grails.taglib.TagBodyClosure.call(TagBodyClosure.java:213) ~[grails-taglib-3.0.9.jar:3.0.9]
	at org.grails.plugins.web.taglib.SitemeshTagLib.captureTagContent(SitemeshTagLib.groovy:48) ~[grails-web-gsp-taglib-3.0.9.jar:3.0.9]
	at org.grails.plugins.web.taglib.SitemeshTagLib.captureTagContent(SitemeshTagLib.groovy) ~[grails-web-gsp-taglib-3.0.9.jar:3.0.9]
	at org.grails.plugins.web.taglib.SitemeshTagLib$_closure1.doCall(SitemeshTagLib.groovy:124) ~[grails-web-gsp-taglib-3.0.9.jar:3.0.9]
	at sun.reflect.GeneratedMethodAccessor208.invoke(Unknown Source) ~[na:na]
	at sun.reflect.DelegatingMethodAccessorImpl.invoke(DelegatingMethodAccessorImpl.java:43) ~[na:1.8.0_45]
	at java.lang.reflect.Method.invoke(Method.java:497) ~[na:1.8.0_45]
	at org.codehaus.groovy.reflection.CachedMethod.invoke(CachedMethod.java:93) ~[groovy-2.4.5.jar:2.4.5]
	at groovy.lang.MetaMethod.doMethodInvoke(MetaMethod.java:325) ~[groovy-2.4.5.jar:2.4.5]
	at org.codehaus.groovy.runtime.metaclass.ClosureMetaClass.invokeMethod(ClosureMetaClass.java:294) ~[groovy-2.4.5.jar:2.4.5]
	at groovy.lang.MetaClassImpl.invokeMethod(MetaClassImpl.java:1019) ~[groovy-2.4.5.jar:2.4.5]
	at groovy.lang.Closure.call(Closure.java:426) ~[groovy-2.4.5.jar:2.4.5]
	at org.grails.gsp.GroovyPage.invokeTagLibClosure(GroovyPage.java:419) ~[grails-gsp-3.0.9.jar:3.0.9]
	at org.grails.gsp.GroovyPage.invokeTag(GroovyPage.java:337) ~[grails-gsp-3.0.9.jar:3.0.9]
	at org.grails.gsp.GroovyPage$invokeTag$4.callCurrent(Unknown Source) ~[na:na]
	at Users_Arthur_Dropbox_App_Grails_App_quotation_qotd_grails_app_views_layouts_main_gsp.run(Users_Arthur_Dropbox_App_Grails_App_quotation_qotd_grails_app_views_layouts_main_gsp:39) ~[na:na]
	at org.grails.gsp.GroovyPageWritable.doWriteTo(GroovyPageWritable.java:164) ~[grails-gsp-3.0.9.jar:3.0.9]
	at org.grails.gsp.GroovyPageWritable.writeTo(GroovyPageWritable.java:82) ~[grails-gsp-3.0.9.jar:3.0.9]
	at org.grails.web.servlet.view.GroovyPageView.renderTemplate(GroovyPageView.java:76) ~[grails-web-gsp-3.0.9.jar:3.0.9]
	at org.grails.web.servlet.view.AbstractGrailsView.renderWithinGrailsWebRequest(AbstractGrailsView.java:71) [grails-web-common-3.0.9.jar:3.0.9]
	at org.grails.web.servlet.view.AbstractGrailsView.renderMergedOutputModel(AbstractGrailsView.java:55) [grails-web-common-3.0.9.jar:3.0.9]
	at org.springframework.web.servlet.view.AbstractView.render(AbstractView.java:303) [spring-webmvc-4.1.7.RELEASE.jar:4.1.7.RELEASE]
	at org.grails.web.sitemesh.SpringMVCViewDecorator.render(SpringMVCViewDecorator.java:69) [grails-web-sitemesh-3.0.9.jar:3.0.9]
	at org.grails.web.sitemesh.GrailsLayoutView.renderTemplate(GrailsLayoutView.java:67) [grails-web-sitemesh-3.0.9.jar:3.0.9]
	at org.grails.web.servlet.view.AbstractGrailsView.renderWithinGrailsWebRequest(AbstractGrailsView.java:71) [grails-web-common-3.0.9.jar:3.0.9]
	at org.grails.web.servlet.view.AbstractGrailsView.renderMergedOutputModel(AbstractGrailsView.java:55) [grails-web-common-3.0.9.jar:3.0.9]
	at org.springframework.web.servlet.view.AbstractView.render(AbstractView.java:303) [spring-webmvc-4.1.7.RELEASE.jar:4.1.7.RELEASE]
	at org.springframework.web.servlet.DispatcherServlet.render(DispatcherServlet.java:1244) [spring-webmvc-4.1.7.RELEASE.jar:4.1.7.RELEASE]
	at org.springframework.web.servlet.DispatcherServlet.processDispatchResult(DispatcherServlet.java:1027) [spring-webmvc-4.1.7.RELEASE.jar:4.1.7.RELEASE]
	at org.springframework.web.servlet.DispatcherServlet.doDispatch(DispatcherServlet.java:971) [spring-webmvc-4.1.7.RELEASE.jar:4.1.7.RELEASE]
	at org.springframework.web.servlet.DispatcherServlet.doService(DispatcherServlet.java:893) [spring-webmvc-4.1.7.RELEASE.jar:4.1.7.RELEASE]
	at org.springframework.web.servlet.FrameworkServlet.processRequest(FrameworkServlet.java:967) [spring-webmvc-4.1.7.RELEASE.jar:4.1.7.RELEASE]
	at org.springframework.web.servlet.FrameworkServlet.doGet(FrameworkServlet.java:858) [spring-webmvc-4.1.7.RELEASE.jar:4.1.7.RELEASE]
	at javax.servlet.http.HttpServlet.service(HttpServlet.java:622) [tomcat-embed-core-8.0.26.jar:8.0.26]
	at org.springframework.web.servlet.FrameworkServlet.service(FrameworkServlet.java:843) [spring-webmvc-4.1.7.RELEASE.jar:4.1.7.RELEASE]
	at javax.servlet.http.HttpServlet.service(HttpServlet.java:729) [tomcat-embed-core-8.0.26.jar:8.0.26]
	at org.apache.catalina.core.ApplicationFilterChain.internalDoFilter(ApplicationFilterChain.java:291) [tomcat-embed-core-8.0.26.jar:8.0.26]
	at org.apache.catalina.core.ApplicationFilterChain.doFilter(ApplicationFilterChain.java:206) [tomcat-embed-core-8.0.26.jar:8.0.26]
	at org.apache.catalina.core.ApplicationDispatcher.invoke(ApplicationDispatcher.java:721) [tomcat-embed-core-8.0.26.jar:8.0.26]
	at org.apache.catalina.core.ApplicationDispatcher.processRequest(ApplicationDispatcher.java:468) [tomcat-embed-core-8.0.26.jar:8.0.26]
	at org.apache.catalina.core.ApplicationDispatcher.doForward(ApplicationDispatcher.java:391) [tomcat-embed-core-8.0.26.jar:8.0.26]
	at org.apache.catalina.core.ApplicationDispatcher.forward(ApplicationDispatcher.java:318) [tomcat-embed-core-8.0.26.jar:8.0.26]
	at org.apache.catalina.core.StandardHostValve.custom(StandardHostValve.java:439) [tomcat-embed-core-8.0.26.jar:8.0.26]
	at org.apache.catalina.core.StandardHostValve.status(StandardHostValve.java:305) [tomcat-embed-core-8.0.26.jar:8.0.26]
	at org.apache.catalina.core.StandardHostValve.invoke(StandardHostValve.java:182) [tomcat-embed-core-8.0.26.jar:8.0.26]
	at org.apache.catalina.valves.ErrorReportValve.invoke(ErrorReportValve.java:79) [tomcat-embed-core-8.0.26.jar:8.0.26]
	at org.apache.catalina.core.StandardEngineValve.invoke(StandardEngineValve.java:88) [tomcat-embed-core-8.0.26.jar:8.0.26]
	at org.apache.catalina.connector.CoyoteAdapter.service(CoyoteAdapter.java:518) [tomcat-embed-core-8.0.26.jar:8.0.26]
	at org.apache.coyote.http11.AbstractHttp11Processor.process(AbstractHttp11Processor.java:1091) [tomcat-embed-core-8.0.26.jar:8.0.26]
	at org.apache.coyote.AbstractProtocol$AbstractConnectionHandler.process(AbstractProtocol.java:673) [tomcat-embed-core-8.0.26.jar:8.0.26]
	at org.apache.tomcat.util.net.NioEndpoint$SocketProcessor.doRun(NioEndpoint.java:1526) [tomcat-embed-core-8.0.26.jar:8.0.26]
	at org.apache.tomcat.util.net.NioEndpoint$SocketProcessor.run(NioEndpoint.java:1482) [tomcat-embed-core-8.0.26.jar:8.0.26]
	at java.util.concurrent.ThreadPoolExecutor.runWorker(ThreadPoolExecutor.java:1142) [na:1.8.0_45]
	at java.util.concurrent.ThreadPoolExecutor$Worker.run(ThreadPoolExecutor.java:617) [na:1.8.0_45]
	at org.apache.tomcat.util.threads.TaskThread$WrappingRunnable.run(TaskThread.java:61) [tomcat-embed-core-8.0.26.jar:8.0.26]
	at java.lang.Thread.run(Thread.java:745) [na:1.8.0_45]
Caused by: java.util.ConcurrentModificationException: null
	at java.util.ArrayList.sort(ArrayList.java:1456) ~[na:1.8.0_45]
	at java.util.Collections.sort(Collections.java:175) ~[na:1.8.0_45]
	at org.codehaus.groovy.runtime.DefaultGroovyMethods.sort(DefaultGroovyMethods.java:8476) ~[groovy-2.4.5.jar:2.4.5]
	at org.codehaus.groovy.runtime.DefaultGroovyMethods.sort(DefaultGroovyMethods.java:8438) ~[groovy-2.4.5.jar:2.4.5]
	at org.codehaus.groovy.runtime.dgm$566.invoke(Unknown Source) ~[groovy-2.4.5.jar:2.4.5]
	at org.codehaus.groovy.runtime.callsite.PojoMetaMethodSite$PojoMetaMethodSiteNoUnwrapNoCoerce.invoke(PojoMetaMethodSite.java:274) ~[groovy-2.4.5.jar:2.4.5]
	at org.codehaus.groovy.runtime.callsite.PojoMetaMethodSite.call(PojoMetaMethodSite.java:56) ~[groovy-2.4.5.jar:2.4.5]
	at org.codehaus.groovy.runtime.callsite.AbstractCallSite.call(AbstractCallSite.java:125) ~[groovy-2.4.5.jar:2.4.5]
	at asset.pipeline.AssetHelper.fileNameWithoutExtensionFromArtefact(AssetHelper.groovy:145) ~[asset-pipeline-core-2.5.0.jar:na]
	at asset.pipeline.AssetHelper$fileNameWithoutExtensionFromArtefact$4.call(Unknown Source) ~[na:na]
	at org.codehaus.groovy.runtime.callsite.CallSiteArray.defaultCall(CallSiteArray.java:48) ~[groovy-2.4.5.jar:2.4.5]
	at asset.pipeline.AssetHelper$fileNameWithoutExtensionFromArtefact$4.call(Unknown Source) ~[na:na]
	at asset.pipeline.DirectiveProcessor.loadRequiresForTree(DirectiveProcessor.groovy:99) ~[asset-pipeline-core-2.5.0.jar:na]
	at sun.reflect.GeneratedMethodAccessor180.invoke(Unknown Source) ~[na:na]
	at sun.reflect.DelegatingMethodAccessorImpl.invoke(DelegatingMethodAccessorImpl.java:43) ~[na:1.8.0_45]
	at java.lang.reflect.Method.invoke(Method.java:497) ~[na:1.8.0_45]
	at org.springsource.loaded.ri.ReflectiveInterceptor.jlrMethodInvoke(ReflectiveInterceptor.java:1432) ~[springloaded-1.2.4.RELEASE.jar:1.2.4.RELEASE]
	at org.codehaus.groovy.runtime.callsite.PogoMetaMethodSite$PogoCachedMethodSiteNoUnwrapNoCoerce.invoke(PogoMetaMethodSite.java:210) ~[groovy-2.4.5.jar:2.4.5]
	at org.codehaus.groovy.runtime.callsite.PogoMetaMethodSite.callCurrent(PogoMetaMethodSite.java:59) ~[groovy-2.4.5.jar:2.4.5]
	at org.codehaus.groovy.runtime.callsite.AbstractCallSite.callCurrent(AbstractCallSite.java:174) ~[groovy-2.4.5.jar:2.4.5]
	at asset.pipeline.DirectiveProcessor.loadRequiresForTree(DirectiveProcessor.groovy:93) ~[asset-pipeline-core-2.5.0.jar:na]
	at sun.reflect.GeneratedMethodAccessor180.invoke(Unknown Source) ~[na:na]
	at sun.reflect.DelegatingMethodAccessorImpl.invoke(DelegatingMethodAccessorImpl.java:43) ~[na:1.8.0_45]
	at java.lang.reflect.Method.invoke(Method.java:497) ~[na:1.8.0_45]
	at org.springsource.loaded.ri.ReflectiveInterceptor.jlrMethodInvoke(ReflectiveInterceptor.java:1432) ~[springloaded-1.2.4.RELEASE.jar:1.2.4.RELEASE]
	at org.codehaus.groovy.runtime.callsite.PogoMetaMethodSite$PogoCachedMethodSiteNoUnwrapNoCoerce.invoke(PogoMetaMethodSite.java:210) ~[groovy-2.4.5.jar:2.4.5]
	at org.codehaus.groovy.runtime.callsite.PogoMetaMethodSite.callCurrent(PogoMetaMethodSite.java:59) ~[groovy-2.4.5.jar:2.4.5]
	at org.codehaus.groovy.runtime.callsite.AbstractCallSite.callCurrent(AbstractCallSite.java:174) ~[groovy-2.4.5.jar:2.4.5]
	at asset.pipeline.DirectiveProcessor.getFlattenedRequireList(DirectiveProcessor.groovy:76) ~[asset-pipeline-core-2.5.0.jar:na]
	at asset.pipeline.DirectiveProcessor$getFlattenedRequireList.call(Unknown Source) ~[na:na]
	at org.codehaus.groovy.runtime.callsite.CallSiteArray.defaultCall(CallSiteArray.java:48) ~[groovy-2.4.5.jar:2.4.5]
	at asset.pipeline.DirectiveProcessor$getFlattenedRequireList.call(Unknown Source) ~[na:na]
	at asset.pipeline.AssetPipeline.getDependencyList(AssetPipeline.groovy:83) ~[asset-pipeline-core-2.5.0.jar:na]
	at asset.pipeline.AssetPipeline$getDependencyList.call(Unknown Source) ~[na:na]
	at asset.pipeline.grails.AssetsTagLib$_closure1.doCall(AssetsTagLib.groovy:42) ~[asset-pipeline-3.0.8.jar:na]
	at sun.reflect.GeneratedMethodAccessor261.invoke(Unknown Source) ~[na:na]
	at sun.reflect.DelegatingMethodAccessorImpl.invoke(DelegatingMethodAccessorImpl.java:43) ~[na:1.8.0_45]
	at java.lang.reflect.Method.invoke(Method.java:497) ~[na:1.8.0_45]
	at org.codehaus.groovy.reflection.CachedMethod.invoke(CachedMethod.java:93) ~[groovy-2.4.5.jar:2.4.5]
	at groovy.lang.MetaMethod.doMethodInvoke(MetaMethod.java:325) ~[groovy-2.4.5.jar:2.4.5]
	at org.codehaus.groovy.runtime.metaclass.ClosureMetaClass.invokeMethod(ClosureMetaClass.java:294) ~[groovy-2.4.5.jar:2.4.5]
	at groovy.lang.MetaClassImpl.invokeMethod(MetaClassImpl.java:1019) ~[groovy-2.4.5.jar:2.4.5]
	at groovy.lang.Closure.call(Closure.java:426) ~[groovy-2.4.5.jar:2.4.5]
	at org.grails.gsp.GroovyPage.invokeTagLibClosure(GroovyPage.java:412) ~[grails-gsp-3.0.9.jar:3.0.9]
	at org.grails.gsp.GroovyPage.invokeTag(GroovyPage.java:337) ~[grails-gsp-3.0.9.jar:3.0.9]
	... 76 common frames omitted
ERROR StackTrace - Full Stack Trace:
java.util.ConcurrentModificationException: null
	at java.util.ArrayList.sort(ArrayList.java:1456) ~[na:1.8.0_45]
	at java.util.Collections.sort(Collections.java:175) ~[na:1.8.0_45]
	at org.codehaus.groovy.runtime.DefaultGroovyMethods.sort(DefaultGroovyMethods.java:8476) ~[groovy-2.4.5.jar:2.4.5]
	at org.codehaus.groovy.runtime.DefaultGroovyMethods.sort(DefaultGroovyMethods.java:8438) ~[groovy-2.4.5.jar:2.4.5]
	at org.codehaus.groovy.runtime.dgm$566.invoke(Unknown Source) ~[groovy-2.4.5.jar:2.4.5]
	at org.codehaus.groovy.runtime.callsite.PojoMetaMethodSite$PojoMetaMethodSiteNoUnwrapNoCoerce.invoke(PojoMetaMethodSite.java:274) ~[groovy-2.4.5.jar:2.4.5]
	at org.codehaus.groovy.runtime.callsite.PojoMetaMethodSite.call(PojoMetaMethodSite.java:56) ~[groovy-2.4.5.jar:2.4.5]
	at org.codehaus.groovy.runtime.callsite.AbstractCallSite.call(AbstractCallSite.java:125) ~[groovy-2.4.5.jar:2.4.5]
	at asset.pipeline.AssetHelper.fileNameWithoutExtensionFromArtefact(AssetHelper.groovy:145) ~[asset-pipeline-core-2.5.0.jar:na]
	at asset.pipeline.AssetHelper$fileNameWithoutExtensionFromArtefact$4.call(Unknown Source) ~[na:na]
	at org.codehaus.groovy.runtime.callsite.CallSiteArray.defaultCall(CallSiteArray.java:48) ~[groovy-2.4.5.jar:2.4.5]
	at asset.pipeline.AssetHelper$fileNameWithoutExtensionFromArtefact$4.call(Unknown Source) ~[na:na]
	at asset.pipeline.DirectiveProcessor.loadRequiresForTree(DirectiveProcessor.groovy:99) ~[asset-pipeline-core-2.5.0.jar:na]
	at sun.reflect.GeneratedMethodAccessor180.invoke(Unknown Source) ~[na:na]
	at sun.reflect.DelegatingMethodAccessorImpl.invoke(DelegatingMethodAccessorImpl.java:43) ~[na:1.8.0_45]
	at java.lang.reflect.Method.invoke(Method.java:497) ~[na:1.8.0_45]
	at org.springsource.loaded.ri.ReflectiveInterceptor.jlrMethodInvoke(ReflectiveInterceptor.java:1432) ~[springloaded-1.2.4.RELEASE.jar:1.2.4.RELEASE]
	at org.codehaus.groovy.runtime.callsite.PogoMetaMethodSite$PogoCachedMethodSiteNoUnwrapNoCoerce.invoke(PogoMetaMethodSite.java:210) ~[groovy-2.4.5.jar:2.4.5]
	at org.codehaus.groovy.runtime.callsite.PogoMetaMethodSite.callCurrent(PogoMetaMethodSite.java:59) ~[groovy-2.4.5.jar:2.4.5]
	at org.codehaus.groovy.runtime.callsite.AbstractCallSite.callCurrent(AbstractCallSite.java:174) ~[groovy-2.4.5.jar:2.4.5]
	at asset.pipeline.DirectiveProcessor.loadRequiresForTree(DirectiveProcessor.groovy:93) ~[asset-pipeline-core-2.5.0.jar:na]
	at sun.reflect.GeneratedMethodAccessor180.invoke(Unknown Source) ~[na:na]
	at sun.reflect.DelegatingMethodAccessorImpl.invoke(DelegatingMethodAccessorImpl.java:43) ~[na:1.8.0_45]
	at java.lang.reflect.Method.invoke(Method.java:497) ~[na:1.8.0_45]
	at org.springsource.loaded.ri.ReflectiveInterceptor.jlrMethodInvoke(ReflectiveInterceptor.java:1432) ~[springloaded-1.2.4.RELEASE.jar:1.2.4.RELEASE]
	at org.codehaus.groovy.runtime.callsite.PogoMetaMethodSite$PogoCachedMethodSiteNoUnwrapNoCoerce.invoke(PogoMetaMethodSite.java:210) ~[groovy-2.4.5.jar:2.4.5]
	at org.codehaus.groovy.runtime.callsite.PogoMetaMethodSite.callCurrent(PogoMetaMethodSite.java:59) ~[groovy-2.4.5.jar:2.4.5]
	at org.codehaus.groovy.runtime.callsite.AbstractCallSite.callCurrent(AbstractCallSite.java:174) ~[groovy-2.4.5.jar:2.4.5]
	at asset.pipeline.DirectiveProcessor.getFlattenedRequireList(DirectiveProcessor.groovy:76) ~[asset-pipeline-core-2.5.0.jar:na]
	at asset.pipeline.DirectiveProcessor$getFlattenedRequireList.call(Unknown Source) ~[na:na]
	at org.codehaus.groovy.runtime.callsite.CallSiteArray.defaultCall(CallSiteArray.java:48) ~[groovy-2.4.5.jar:2.4.5]
	at asset.pipeline.DirectiveProcessor$getFlattenedRequireList.call(Unknown Source) ~[na:na]
	at asset.pipeline.AssetPipeline.getDependencyList(AssetPipeline.groovy:83) ~[asset-pipeline-core-2.5.0.jar:na]
	at asset.pipeline.AssetPipeline$getDependencyList.call(Unknown Source) ~[na:na]
	at asset.pipeline.grails.AssetsTagLib$_closure1.doCall(AssetsTagLib.groovy:42) ~[asset-pipeline-3.0.8.jar:na]
	at sun.reflect.GeneratedMethodAccessor261.invoke(Unknown Source) ~[na:na]
	at sun.reflect.DelegatingMethodAccessorImpl.invoke(DelegatingMethodAccessorImpl.java:43) ~[na:1.8.0_45]
	at java.lang.reflect.Method.invoke(Method.java:497) ~[na:1.8.0_45]
	at org.codehaus.groovy.reflection.CachedMethod.invoke(CachedMethod.java:93) ~[groovy-2.4.5.jar:2.4.5]
	at groovy.lang.MetaMethod.doMethodInvoke(MetaMethod.java:325) ~[groovy-2.4.5.jar:2.4.5]
	at org.codehaus.groovy.runtime.metaclass.ClosureMetaClass.invokeMethod(ClosureMetaClass.java:294) ~[groovy-2.4.5.jar:2.4.5]
	at groovy.lang.MetaClassImpl.invokeMethod(MetaClassImpl.java:1019) ~[groovy-2.4.5.jar:2.4.5]
	at groovy.lang.Closure.call(Closure.java:426) ~[groovy-2.4.5.jar:2.4.5]
	at org.grails.gsp.GroovyPage.invokeTagLibClosure(GroovyPage.java:412) ~[grails-gsp-3.0.9.jar:3.0.9]
	at org.grails.gsp.GroovyPage.invokeTag(GroovyPage.java:337) ~[grails-gsp-3.0.9.jar:3.0.9]
	at sun.reflect.GeneratedMethodAccessor121.invoke(Unknown Source) ~[na:na]
	at sun.reflect.DelegatingMethodAccessorImpl.invoke(DelegatingMethodAccessorImpl.java:43) ~[na:1.8.0_45]
	at java.lang.reflect.Method.invoke(Method.java:497) ~[na:1.8.0_45]
	at org.codehaus.groovy.reflection.CachedMethod.invoke(CachedMethod.java:93) ~[groovy-2.4.5.jar:2.4.5]
	at groovy.lang.MetaMethod.doMethodInvoke(MetaMethod.java:325) ~[groovy-2.4.5.jar:2.4.5]
	at org.codehaus.groovy.runtime.metaclass.ClosureMetaClass.invokeMethod(ClosureMetaClass.java:384) ~[groovy-2.4.5.jar:2.4.5]
	at groovy.lang.MetaClassImpl.invokeMethod(MetaClassImpl.java:1019) ~[groovy-2.4.5.jar:2.4.5]
	at org.codehaus.groovy.runtime.callsite.PogoMetaClassSite.callCurrent(PogoMetaClassSite.java:69) ~[groovy-2.4.5.jar:2.4.5]
	at Users_Arthur_Dropbox_App_Grails_App_quotation_qotd_grails_app_views_layouts_main_gsp$_run_closure1.doCall(Users_Arthur_Dropbox_App_Grails_App_quotation_qotd_grails_app_views_layouts_main_gsp:34) ~[na:na]
	at sun.reflect.GeneratedMethodAccessor245.invoke(Unknown Source) ~[na:na]
	at sun.reflect.DelegatingMethodAccessorImpl.invoke(DelegatingMethodAccessorImpl.java:43) ~[na:1.8.0_45]
	at java.lang.reflect.Method.invoke(Method.java:497) ~[na:1.8.0_45]
	at org.codehaus.groovy.reflection.CachedMethod.invoke(CachedMethod.java:93) ~[groovy-2.4.5.jar:2.4.5]
	at groovy.lang.MetaMethod.doMethodInvoke(MetaMethod.java:325) ~[groovy-2.4.5.jar:2.4.5]
	at org.codehaus.groovy.runtime.metaclass.ClosureMetaClass.invokeMethod(ClosureMetaClass.java:294) ~[groovy-2.4.5.jar:2.4.5]
	at groovy.lang.MetaClassImpl.invokeMethod(MetaClassImpl.java:1019) ~[groovy-2.4.5.jar:2.4.5]
	at groovy.lang.Closure.call(Closure.java:426) ~[groovy-2.4.5.jar:2.4.5]
	at groovy.lang.Closure.call(Closure.java:420) ~[groovy-2.4.5.jar:2.4.5]
	at org.grails.taglib.TagBodyClosure.executeClosure(TagBodyClosure.java:200) ~[grails-taglib-3.0.9.jar:3.0.9]
	at org.grails.taglib.TagBodyClosure.captureClosureOutput(TagBodyClosure.java:102) ~[grails-taglib-3.0.9.jar:3.0.9]
	at org.grails.taglib.TagBodyClosure.call(TagBodyClosure.java:213) ~[grails-taglib-3.0.9.jar:3.0.9]
	at org.grails.plugins.web.taglib.SitemeshTagLib.captureTagContent(SitemeshTagLib.groovy:48) ~[grails-web-gsp-taglib-3.0.9.jar:3.0.9]
	at org.grails.plugins.web.taglib.SitemeshTagLib.captureTagContent(SitemeshTagLib.groovy) ~[grails-web-gsp-taglib-3.0.9.jar:3.0.9]
	at org.grails.plugins.web.taglib.SitemeshTagLib$_closure1.doCall(SitemeshTagLib.groovy:124) ~[grails-web-gsp-taglib-3.0.9.jar:3.0.9]
	at sun.reflect.GeneratedMethodAccessor208.invoke(Unknown Source) ~[na:na]
	at sun.reflect.DelegatingMethodAccessorImpl.invoke(DelegatingMethodAccessorImpl.java:43) ~[na:1.8.0_45]
	at java.lang.reflect.Method.invoke(Method.java:497) ~[na:1.8.0_45]
	at org.codehaus.groovy.reflection.CachedMethod.invoke(CachedMethod.java:93) ~[groovy-2.4.5.jar:2.4.5]
	at groovy.lang.MetaMethod.doMethodInvoke(MetaMethod.java:325) ~[groovy-2.4.5.jar:2.4.5]
	at org.codehaus.groovy.runtime.metaclass.ClosureMetaClass.invokeMethod(ClosureMetaClass.java:294) ~[groovy-2.4.5.jar:2.4.5]
	at groovy.lang.MetaClassImpl.invokeMethod(MetaClassImpl.java:1019) ~[groovy-2.4.5.jar:2.4.5]
	at groovy.lang.Closure.call(Closure.java:426) ~[groovy-2.4.5.jar:2.4.5]
	at org.grails.gsp.GroovyPage.invokeTagLibClosure(GroovyPage.java:419) ~[grails-gsp-3.0.9.jar:3.0.9]
	at org.grails.gsp.GroovyPage.invokeTag(GroovyPage.java:337) ~[grails-gsp-3.0.9.jar:3.0.9]
	at org.grails.gsp.GroovyPage$invokeTag$4.callCurrent(Unknown Source) ~[na:na]
	at Users_Arthur_Dropbox_App_Grails_App_quotation_qotd_grails_app_views_layouts_main_gsp.run(Users_Arthur_Dropbox_App_Grails_App_quotation_qotd_grails_app_views_layouts_main_gsp:39) ~[na:na]
	at org.grails.gsp.GroovyPageWritable.doWriteTo(GroovyPageWritable.java:164) ~[grails-gsp-3.0.9.jar:3.0.9]
	at org.grails.gsp.GroovyPageWritable.writeTo(GroovyPageWritable.java:82) ~[grails-gsp-3.0.9.jar:3.0.9]
	at org.grails.web.servlet.view.GroovyPageView.renderTemplate(GroovyPageView.java:76) ~[grails-web-gsp-3.0.9.jar:3.0.9]
	at org.grails.web.servlet.view.AbstractGrailsView.renderWithinGrailsWebRequest(AbstractGrailsView.java:71) [grails-web-common-3.0.9.jar:3.0.9]
	at org.grails.web.servlet.view.AbstractGrailsView.renderMergedOutputModel(AbstractGrailsView.java:55) [grails-web-common-3.0.9.jar:3.0.9]
	at org.springframework.web.servlet.view.AbstractView.render(AbstractView.java:303) [spring-webmvc-4.1.7.RELEASE.jar:4.1.7.RELEASE]
	at org.grails.web.sitemesh.SpringMVCViewDecorator.render(SpringMVCViewDecorator.java:69) [grails-web-sitemesh-3.0.9.jar:3.0.9]
	at org.grails.web.sitemesh.GrailsLayoutView.renderTemplate(GrailsLayoutView.java:67) [grails-web-sitemesh-3.0.9.jar:3.0.9]
	at org.grails.web.servlet.view.AbstractGrailsView.renderWithinGrailsWebRequest(AbstractGrailsView.java:71) [grails-web-common-3.0.9.jar:3.0.9]
	at org.grails.web.servlet.view.AbstractGrailsView.renderMergedOutputModel(AbstractGrailsView.java:55) [grails-web-common-3.0.9.jar:3.0.9]
	at org.springframework.web.servlet.view.AbstractView.render(AbstractView.java:303) [spring-webmvc-4.1.7.RELEASE.jar:4.1.7.RELEASE]
	at org.springframework.web.servlet.DispatcherServlet.render(DispatcherServlet.java:1244) [spring-webmvc-4.1.7.RELEASE.jar:4.1.7.RELEASE]
	at org.springframework.web.servlet.DispatcherServlet.processDispatchResult(DispatcherServlet.java:1027) [spring-webmvc-4.1.7.RELEASE.jar:4.1.7.RELEASE]
	at org.springframework.web.servlet.DispatcherServlet.doDispatch(DispatcherServlet.java:971) [spring-webmvc-4.1.7.RELEASE.jar:4.1.7.RELEASE]
	at org.springframework.web.servlet.DispatcherServlet.doService(DispatcherServlet.java:893) [spring-webmvc-4.1.7.RELEASE.jar:4.1.7.RELEASE]
	at org.springframework.web.servlet.FrameworkServlet.processRequest(FrameworkServlet.java:967) [spring-webmvc-4.1.7.RELEASE.jar:4.1.7.RELEASE]
	at org.springframework.web.servlet.FrameworkServlet.doGet(FrameworkServlet.java:858) [spring-webmvc-4.1.7.RELEASE.jar:4.1.7.RELEASE]
	at javax.servlet.http.HttpServlet.service(HttpServlet.java:622) [tomcat-embed-core-8.0.26.jar:8.0.26]
	at org.springframework.web.servlet.FrameworkServlet.service(FrameworkServlet.java:843) [spring-webmvc-4.1.7.RELEASE.jar:4.1.7.RELEASE]
	at javax.servlet.http.HttpServlet.service(HttpServlet.java:729) [tomcat-embed-core-8.0.26.jar:8.0.26]
	at org.apache.catalina.core.ApplicationFilterChain.internalDoFilter(ApplicationFilterChain.java:291) [tomcat-embed-core-8.0.26.jar:8.0.26]
	at org.apache.catalina.core.ApplicationFilterChain.doFilter(ApplicationFilterChain.java:206) [tomcat-embed-core-8.0.26.jar:8.0.26]
	at org.apache.catalina.core.ApplicationDispatcher.invoke(ApplicationDispatcher.java:721) [tomcat-embed-core-8.0.26.jar:8.0.26]
	at org.apache.catalina.core.ApplicationDispatcher.processRequest(ApplicationDispatcher.java:468) [tomcat-embed-core-8.0.26.jar:8.0.26]
	at org.apache.catalina.core.ApplicationDispatcher.doForward(ApplicationDispatcher.java:391) [tomcat-embed-core-8.0.26.jar:8.0.26]
	at org.apache.catalina.core.ApplicationDispatcher.forward(ApplicationDispatcher.java:318) [tomcat-embed-core-8.0.26.jar:8.0.26]
	at org.apache.catalina.core.StandardHostValve.custom(StandardHostValve.java:439) [tomcat-embed-core-8.0.26.jar:8.0.26]
	at org.apache.catalina.core.StandardHostValve.status(StandardHostValve.java:305) [tomcat-embed-core-8.0.26.jar:8.0.26]
	at org.apache.catalina.core.StandardHostValve.invoke(StandardHostValve.java:182) [tomcat-embed-core-8.0.26.jar:8.0.26]
	at org.apache.catalina.valves.ErrorReportValve.invoke(ErrorReportValve.java:79) [tomcat-embed-core-8.0.26.jar:8.0.26]
	at org.apache.catalina.core.StandardEngineValve.invoke(StandardEngineValve.java:88) [tomcat-embed-core-8.0.26.jar:8.0.26]
	at org.apache.catalina.connector.CoyoteAdapter.service(CoyoteAdapter.java:518) [tomcat-embed-core-8.0.26.jar:8.0.26]
	at org.apache.coyote.http11.AbstractHttp11Processor.process(AbstractHttp11Processor.java:1091) [tomcat-embed-core-8.0.26.jar:8.0.26]
	at org.apache.coyote.AbstractProtocol$AbstractConnectionHandler.process(AbstractProtocol.java:673) [tomcat-embed-core-8.0.26.jar:8.0.26]
	at org.apache.tomcat.util.net.NioEndpoint$SocketProcessor.doRun(NioEndpoint.java:1526) [tomcat-embed-core-8.0.26.jar:8.0.26]
	at org.apache.tomcat.util.net.NioEndpoint$SocketProcessor.run(NioEndpoint.java:1482) [tomcat-embed-core-8.0.26.jar:8.0.26]
	at java.util.concurrent.ThreadPoolExecutor.runWorker(ThreadPoolExecutor.java:1142) [na:1.8.0_45]
	at java.util.concurrent.ThreadPoolExecutor$Worker.run(ThreadPoolExecutor.java:617) [na:1.8.0_45]
	at org.apache.tomcat.util.threads.TaskThread$WrappingRunnable.run(TaskThread.java:61) [tomcat-embed-core-8.0.26.jar:8.0.26]
	at java.lang.Thread.run(Thread.java:745) [na:1.8.0_45]
ERROR StackTrace - Full Stack Trace:
org.grails.taglib.GrailsTagException: [views/layouts/main.gsp:9] Error executing tag <asset:javascript>: null
	at Users_Arthur_Dropbox_App_Grails_App_quotation_qotd_grails_app_views_layouts_main_gsp$_run_closure1.doCall(Users_Arthur_Dropbox_App_Grails_App_quotation_qotd_grails_app_views_layouts_main_gsp:34) ~[na:na]
	at Users_Arthur_Dropbox_App_Grails_App_quotation_qotd_grails_app_views_layouts_main_gsp.run(Users_Arthur_Dropbox_App_Grails_App_quotation_qotd_grails_app_views_layouts_main_gsp:39) ~[na:na]
	at java.util.concurrent.ThreadPoolExecutor.runWorker(ThreadPoolExecutor.java:1142) ~[na:1.8.0_45]
	at java.util.concurrent.ThreadPoolExecutor$Worker.run(ThreadPoolExecutor.java:617) ~[na:1.8.0_45]
	at java.lang.Thread.run(Thread.java:745) [na:1.8.0_45]
Caused by: java.util.ConcurrentModificationException: null
	at java.util.ArrayList.sort(ArrayList.java:1456) ~[na:1.8.0_45]
	at java.util.Collections.sort(Collections.java:175) ~[na:1.8.0_45]
	at asset.pipeline.AssetHelper.fileNameWithoutExtensionFromArtefact(AssetHelper.groovy:145) ~[asset-pipeline-core-2.5.0.jar:na]
	at asset.pipeline.DirectiveProcessor.loadRequiresForTree(DirectiveProcessor.groovy:99) ~[asset-pipeline-core-2.5.0.jar:na]
	at asset.pipeline.DirectiveProcessor.loadRequiresForTree(DirectiveProcessor.groovy:93) ~[asset-pipeline-core-2.5.0.jar:na]
	at asset.pipeline.DirectiveProcessor.getFlattenedRequireList(DirectiveProcessor.groovy:76) ~[asset-pipeline-core-2.5.0.jar:na]
	at asset.pipeline.AssetPipeline.getDependencyList(AssetPipeline.groovy:83) ~[asset-pipeline-core-2.5.0.jar:na]
	at asset.pipeline.grails.AssetsTagLib$_closure1.doCall(AssetsTagLib.groovy:42) ~[asset-pipeline-3.0.8.jar:na]
	... 5 common frames omitted
